arguments: Namespace(batch_size=50, epochs=100)
start time: 2022-09-01 04:04:57.274677
Epoch [1/100], Step [100/600], Loss: 2.1487
Epoch [1/100], Step [200/600], Loss: 2.0436
Epoch [1/100], Step [300/600], Loss: 1.9748
Epoch [1/100], Step [400/600], Loss: 1.8318
Epoch [1/100], Step [500/600], Loss: 1.6762
Epoch [1/100], Step [600/600], Loss: 1.7103
Epoch [2/100], Step [100/600], Loss: 1.4237
Epoch [2/100], Step [200/600], Loss: 1.4891
Epoch [2/100], Step [300/600], Loss: 1.4683
Epoch [2/100], Step [400/600], Loss: 1.3154
Epoch [2/100], Step [500/600], Loss: 1.2413
Epoch [2/100], Step [600/600], Loss: 1.3023
Epoch [3/100], Step [100/600], Loss: 0.9982
Epoch [3/100], Step [200/600], Loss: 1.1454
Epoch [3/100], Step [300/600], Loss: 1.1753
Epoch [3/100], Step [400/600], Loss: 1.0086
Epoch [3/100], Step [500/600], Loss: 0.9866
Epoch [3/100], Step [600/600], Loss: 1.0486
Epoch [4/100], Step [100/600], Loss: 0.7503
Epoch [4/100], Step [200/600], Loss: 0.9313
Epoch [4/100], Step [300/600], Loss: 0.9978
Epoch [4/100], Step [400/600], Loss: 0.8220
Epoch [4/100], Step [500/600], Loss: 0.8261
Epoch [4/100], Step [600/600], Loss: 0.8842
Epoch [5/100], Step [100/600], Loss: 0.5980
Epoch [5/100], Step [200/600], Loss: 0.7897
Epoch [5/100], Step [300/600], Loss: 0.8793
Epoch [5/100], Step [400/600], Loss: 0.7003
Epoch [5/100], Step [500/600], Loss: 0.7168
Epoch [5/100], Step [600/600], Loss: 0.7705
Epoch [6/100], Step [100/600], Loss: 0.4976
Epoch [6/100], Step [200/600], Loss: 0.6884
Epoch [6/100], Step [300/600], Loss: 0.7944
Epoch [6/100], Step [400/600], Loss: 0.6155
Epoch [6/100], Step [500/600], Loss: 0.6377
Epoch [6/100], Step [600/600], Loss: 0.6881
Epoch [7/100], Step [100/600], Loss: 0.4273
Epoch [7/100], Step [200/600], Loss: 0.6122
Epoch [7/100], Step [300/600], Loss: 0.7301
Epoch [7/100], Step [400/600], Loss: 0.5531
Epoch [7/100], Step [500/600], Loss: 0.5778
Epoch [7/100], Step [600/600], Loss: 0.6257
Epoch [8/100], Step [100/600], Loss: 0.3757
Epoch [8/100], Step [200/600], Loss: 0.5527
Epoch [8/100], Step [300/600], Loss: 0.6794
Epoch [8/100], Step [400/600], Loss: 0.5054
Epoch [8/100], Step [500/600], Loss: 0.5311
Epoch [8/100], Step [600/600], Loss: 0.5767
Epoch [9/100], Step [100/600], Loss: 0.3365
Epoch [9/100], Step [200/600], Loss: 0.5047
Epoch [9/100], Step [300/600], Loss: 0.6384
Epoch [9/100], Step [400/600], Loss: 0.4675
Epoch [9/100], Step [500/600], Loss: 0.4935
Epoch [9/100], Step [600/600], Loss: 0.5373
Epoch [10/100], Step [100/600], Loss: 0.3058
Epoch [10/100], Step [200/600], Loss: 0.4653
Epoch [10/100], Step [300/600], Loss: 0.6047
Epoch [10/100], Step [400/600], Loss: 0.4365
Epoch [10/100], Step [500/600], Loss: 0.4624
Epoch [10/100], Step [600/600], Loss: 0.5049
Epoch [11/100], Step [100/600], Loss: 0.2810
Epoch [11/100], Step [200/600], Loss: 0.4322
Epoch [11/100], Step [300/600], Loss: 0.5761
Epoch [11/100], Step [400/600], Loss: 0.4105
Epoch [11/100], Step [500/600], Loss: 0.4363
Epoch [11/100], Step [600/600], Loss: 0.4779
Epoch [12/100], Step [100/600], Loss: 0.2607
Epoch [12/100], Step [200/600], Loss: 0.4041
Epoch [12/100], Step [300/600], Loss: 0.5515
Epoch [12/100], Step [400/600], Loss: 0.3882
Epoch [12/100], Step [500/600], Loss: 0.4140
Epoch [12/100], Step [600/600], Loss: 0.4550
Epoch [13/100], Step [100/600], Loss: 0.2437
Epoch [13/100], Step [200/600], Loss: 0.3799
Epoch [13/100], Step [300/600], Loss: 0.5300
Epoch [13/100], Step [400/600], Loss: 0.3689
Epoch [13/100], Step [500/600], Loss: 0.3946
Epoch [13/100], Step [600/600], Loss: 0.4352
Epoch [14/100], Step [100/600], Loss: 0.2292
Epoch [14/100], Step [200/600], Loss: 0.3587
Epoch [14/100], Step [300/600], Loss: 0.5108
Epoch [14/100], Step [400/600], Loss: 0.3519
Epoch [14/100], Step [500/600], Loss: 0.3776
Epoch [14/100], Step [600/600], Loss: 0.4180
Epoch [15/100], Step [100/600], Loss: 0.2167
Epoch [15/100], Step [200/600], Loss: 0.3401
Epoch [15/100], Step [300/600], Loss: 0.4936
Epoch [15/100], Step [400/600], Loss: 0.3368
Epoch [15/100], Step [500/600], Loss: 0.3625
Epoch [15/100], Step [600/600], Loss: 0.4030
Epoch [16/100], Step [100/600], Loss: 0.2057
Epoch [16/100], Step [200/600], Loss: 0.3236
Epoch [16/100], Step [300/600], Loss: 0.4781
Epoch [16/100], Step [400/600], Loss: 0.3232
Epoch [16/100], Step [500/600], Loss: 0.3492
Epoch [16/100], Step [600/600], Loss: 0.3896
Epoch [17/100], Step [100/600], Loss: 0.1960
Epoch [17/100], Step [200/600], Loss: 0.3089
Epoch [17/100], Step [300/600], Loss: 0.4638
Epoch [17/100], Step [400/600], Loss: 0.3109
Epoch [17/100], Step [500/600], Loss: 0.3372
Epoch [17/100], Step [600/600], Loss: 0.3777
Epoch [18/100], Step [100/600], Loss: 0.1874
Epoch [18/100], Step [200/600], Loss: 0.2957
Epoch [18/100], Step [300/600], Loss: 0.4508
Epoch [18/100], Step [400/600], Loss: 0.2997
Epoch [18/100], Step [500/600], Loss: 0.3264
Epoch [18/100], Step [600/600], Loss: 0.3671
Epoch [19/100], Step [100/600], Loss: 0.1796
Epoch [19/100], Step [200/600], Loss: 0.2837
Epoch [19/100], Step [300/600], Loss: 0.4386
Epoch [19/100], Step [400/600], Loss: 0.2893
Epoch [19/100], Step [500/600], Loss: 0.3165
Epoch [19/100], Step [600/600], Loss: 0.3576
Epoch [20/100], Step [100/600], Loss: 0.1726
Epoch [20/100], Step [200/600], Loss: 0.2728
Epoch [20/100], Step [300/600], Loss: 0.4274
Epoch [20/100], Step [400/600], Loss: 0.2798
Epoch [20/100], Step [500/600], Loss: 0.3075
Epoch [20/100], Step [600/600], Loss: 0.3489
Epoch [21/100], Step [100/600], Loss: 0.1662
Epoch [21/100], Step [200/600], Loss: 0.2628
Epoch [21/100], Step [300/600], Loss: 0.4169
Epoch [21/100], Step [400/600], Loss: 0.2709
Epoch [21/100], Step [500/600], Loss: 0.2991
Epoch [21/100], Step [600/600], Loss: 0.3410
Epoch [22/100], Step [100/600], Loss: 0.1604
Epoch [22/100], Step [200/600], Loss: 0.2537
Epoch [22/100], Step [300/600], Loss: 0.4071
Epoch [22/100], Step [400/600], Loss: 0.2626
Epoch [22/100], Step [500/600], Loss: 0.2914
Epoch [22/100], Step [600/600], Loss: 0.3339
Epoch [23/100], Step [100/600], Loss: 0.1550
Epoch [23/100], Step [200/600], Loss: 0.2453
Epoch [23/100], Step [300/600], Loss: 0.3979
Epoch [23/100], Step [400/600], Loss: 0.2548
Epoch [23/100], Step [500/600], Loss: 0.2842
Epoch [23/100], Step [600/600], Loss: 0.3273
Epoch [24/100], Step [100/600], Loss: 0.1500
Epoch [24/100], Step [200/600], Loss: 0.2375
Epoch [24/100], Step [300/600], Loss: 0.3892
Epoch [24/100], Step [400/600], Loss: 0.2475
Epoch [24/100], Step [500/600], Loss: 0.2776
Epoch [24/100], Step [600/600], Loss: 0.3213
Epoch [25/100], Step [100/600], Loss: 0.1454
Epoch [25/100], Step [200/600], Loss: 0.2302
Epoch [25/100], Step [300/600], Loss: 0.3810
Epoch [25/100], Step [400/600], Loss: 0.2407
Epoch [25/100], Step [500/600], Loss: 0.2713
Epoch [25/100], Step [600/600], Loss: 0.3158
Epoch [26/100], Step [100/600], Loss: 0.1411
Epoch [26/100], Step [200/600], Loss: 0.2235
Epoch [26/100], Step [300/600], Loss: 0.3732
Epoch [26/100], Step [400/600], Loss: 0.2342
Epoch [26/100], Step [500/600], Loss: 0.2655
Epoch [26/100], Step [600/600], Loss: 0.3107
Epoch [27/100], Step [100/600], Loss: 0.1371
Epoch [27/100], Step [200/600], Loss: 0.2172
Epoch [27/100], Step [300/600], Loss: 0.3658
Epoch [27/100], Step [400/600], Loss: 0.2280
Epoch [27/100], Step [500/600], Loss: 0.2600
Epoch [27/100], Step [600/600], Loss: 0.3060
Epoch [28/100], Step [100/600], Loss: 0.1334
Epoch [28/100], Step [200/600], Loss: 0.2113
Epoch [28/100], Step [300/600], Loss: 0.3587
Epoch [28/100], Step [400/600], Loss: 0.2222
Epoch [28/100], Step [500/600], Loss: 0.2548
Epoch [28/100], Step [600/600], Loss: 0.3016
Epoch [29/100], Step [100/600], Loss: 0.1299
Epoch [29/100], Step [200/600], Loss: 0.2058
Epoch [29/100], Step [300/600], Loss: 0.3521
Epoch [29/100], Step [400/600], Loss: 0.2168
Epoch [29/100], Step [500/600], Loss: 0.2499
Epoch [29/100], Step [600/600], Loss: 0.2975
Epoch [30/100], Step [100/600], Loss: 0.1266
Epoch [30/100], Step [200/600], Loss: 0.2006
Epoch [30/100], Step [300/600], Loss: 0.3457
Epoch [30/100], Step [400/600], Loss: 0.2116
Epoch [30/100], Step [500/600], Loss: 0.2452
Epoch [30/100], Step [600/600], Loss: 0.2937
Epoch [31/100], Step [100/600], Loss: 0.1235
Epoch [31/100], Step [200/600], Loss: 0.1957
Epoch [31/100], Step [300/600], Loss: 0.3397
Epoch [31/100], Step [400/600], Loss: 0.2066
Epoch [31/100], Step [500/600], Loss: 0.2408
Epoch [31/100], Step [600/600], Loss: 0.2902
Epoch [32/100], Step [100/600], Loss: 0.1206
Epoch [32/100], Step [200/600], Loss: 0.1910
Epoch [32/100], Step [300/600], Loss: 0.3338
Epoch [32/100], Step [400/600], Loss: 0.2019
Epoch [32/100], Step [500/600], Loss: 0.2366
Epoch [32/100], Step [600/600], Loss: 0.2869
Epoch [33/100], Step [100/600], Loss: 0.1178
Epoch [33/100], Step [200/600], Loss: 0.1866
Epoch [33/100], Step [300/600], Loss: 0.3282
Epoch [33/100], Step [400/600], Loss: 0.1975
Epoch [33/100], Step [500/600], Loss: 0.2326
Epoch [33/100], Step [600/600], Loss: 0.2838
Epoch [34/100], Step [100/600], Loss: 0.1152
Epoch [34/100], Step [200/600], Loss: 0.1825
Epoch [34/100], Step [300/600], Loss: 0.3229
Epoch [34/100], Step [400/600], Loss: 0.1932
Epoch [34/100], Step [500/600], Loss: 0.2288
Epoch [34/100], Step [600/600], Loss: 0.2808
Epoch [35/100], Step [100/600], Loss: 0.1127
Epoch [35/100], Step [200/600], Loss: 0.1785
Epoch [35/100], Step [300/600], Loss: 0.3177
Epoch [35/100], Step [400/600], Loss: 0.1890
Epoch [35/100], Step [500/600], Loss: 0.2251
Epoch [35/100], Step [600/600], Loss: 0.2781
Epoch [36/100], Step [100/600], Loss: 0.1103
Epoch [36/100], Step [200/600], Loss: 0.1748
Epoch [36/100], Step [300/600], Loss: 0.3127
Epoch [36/100], Step [400/600], Loss: 0.1851
Epoch [36/100], Step [500/600], Loss: 0.2215
Epoch [36/100], Step [600/600], Loss: 0.2754
Epoch [37/100], Step [100/600], Loss: 0.1080
Epoch [37/100], Step [200/600], Loss: 0.1713
Epoch [37/100], Step [300/600], Loss: 0.3079
Epoch [37/100], Step [400/600], Loss: 0.1813
Epoch [37/100], Step [500/600], Loss: 0.2181
Epoch [37/100], Step [600/600], Loss: 0.2730
Epoch [38/100], Step [100/600], Loss: 0.1059
Epoch [38/100], Step [200/600], Loss: 0.1679
Epoch [38/100], Step [300/600], Loss: 0.3033
Epoch [38/100], Step [400/600], Loss: 0.1776
Epoch [38/100], Step [500/600], Loss: 0.2148
Epoch [38/100], Step [600/600], Loss: 0.2706
Epoch [39/100], Step [100/600], Loss: 0.1038
Epoch [39/100], Step [200/600], Loss: 0.1647
Epoch [39/100], Step [300/600], Loss: 0.2988
Epoch [39/100], Step [400/600], Loss: 0.1741
Epoch [39/100], Step [500/600], Loss: 0.2117
Epoch [39/100], Step [600/600], Loss: 0.2684
Epoch [40/100], Step [100/600], Loss: 0.1018
Epoch [40/100], Step [200/600], Loss: 0.1616
Epoch [40/100], Step [300/600], Loss: 0.2944
Epoch [40/100], Step [400/600], Loss: 0.1708
Epoch [40/100], Step [500/600], Loss: 0.2087
Epoch [40/100], Step [600/600], Loss: 0.2663
Epoch [41/100], Step [100/600], Loss: 0.1000
Epoch [41/100], Step [200/600], Loss: 0.1586
Epoch [41/100], Step [300/600], Loss: 0.2901
Epoch [41/100], Step [400/600], Loss: 0.1676
Epoch [41/100], Step [500/600], Loss: 0.2058
Epoch [41/100], Step [600/600], Loss: 0.2643
Epoch [42/100], Step [100/600], Loss: 0.0982
Epoch [42/100], Step [200/600], Loss: 0.1558
Epoch [42/100], Step [300/600], Loss: 0.2860
Epoch [42/100], Step [400/600], Loss: 0.1645
Epoch [42/100], Step [500/600], Loss: 0.2029
Epoch [42/100], Step [600/600], Loss: 0.2623
Epoch [43/100], Step [100/600], Loss: 0.0964
Epoch [43/100], Step [200/600], Loss: 0.1531
Epoch [43/100], Step [300/600], Loss: 0.2821
Epoch [43/100], Step [400/600], Loss: 0.1615
Epoch [43/100], Step [500/600], Loss: 0.2002
Epoch [43/100], Step [600/600], Loss: 0.2604
Epoch [44/100], Step [100/600], Loss: 0.0947
Epoch [44/100], Step [200/600], Loss: 0.1506
Epoch [44/100], Step [300/600], Loss: 0.2782
Epoch [44/100], Step [400/600], Loss: 0.1586
Epoch [44/100], Step [500/600], Loss: 0.1976
Epoch [44/100], Step [600/600], Loss: 0.2587
Epoch [45/100], Step [100/600], Loss: 0.0931
Epoch [45/100], Step [200/600], Loss: 0.1481
Epoch [45/100], Step [300/600], Loss: 0.2744
Epoch [45/100], Step [400/600], Loss: 0.1558
Epoch [45/100], Step [500/600], Loss: 0.1950
Epoch [45/100], Step [600/600], Loss: 0.2570
Epoch [46/100], Step [100/600], Loss: 0.0916
Epoch [46/100], Step [200/600], Loss: 0.1457
Epoch [46/100], Step [300/600], Loss: 0.2708
Epoch [46/100], Step [400/600], Loss: 0.1531
Epoch [46/100], Step [500/600], Loss: 0.1925
Epoch [46/100], Step [600/600], Loss: 0.2554
Epoch [47/100], Step [100/600], Loss: 0.0901
Epoch [47/100], Step [200/600], Loss: 0.1434
Epoch [47/100], Step [300/600], Loss: 0.2673
Epoch [47/100], Step [400/600], Loss: 0.1505
Epoch [47/100], Step [500/600], Loss: 0.1900
Epoch [47/100], Step [600/600], Loss: 0.2538
Epoch [48/100], Step [100/600], Loss: 0.0887
Epoch [48/100], Step [200/600], Loss: 0.1413
Epoch [48/100], Step [300/600], Loss: 0.2638
Epoch [48/100], Step [400/600], Loss: 0.1479
Epoch [48/100], Step [500/600], Loss: 0.1877
Epoch [48/100], Step [600/600], Loss: 0.2523
Epoch [49/100], Step [100/600], Loss: 0.0873
Epoch [49/100], Step [200/600], Loss: 0.1392
Epoch [49/100], Step [300/600], Loss: 0.2605
Epoch [49/100], Step [400/600], Loss: 0.1455
Epoch [49/100], Step [500/600], Loss: 0.1854
Epoch [49/100], Step [600/600], Loss: 0.2509
Epoch [50/100], Step [100/600], Loss: 0.0860
Epoch [50/100], Step [200/600], Loss: 0.1371
Epoch [50/100], Step [300/600], Loss: 0.2572
Epoch [50/100], Step [400/600], Loss: 0.1431
Epoch [50/100], Step [500/600], Loss: 0.1832
Epoch [50/100], Step [600/600], Loss: 0.2495
Epoch [51/100], Step [100/600], Loss: 0.0848
Epoch [51/100], Step [200/600], Loss: 0.1352
Epoch [51/100], Step [300/600], Loss: 0.2540
Epoch [51/100], Step [400/600], Loss: 0.1408
Epoch [51/100], Step [500/600], Loss: 0.1810
Epoch [51/100], Step [600/600], Loss: 0.2482
Epoch [52/100], Step [100/600], Loss: 0.0835
Epoch [52/100], Step [200/600], Loss: 0.1333
Epoch [52/100], Step [300/600], Loss: 0.2509
Epoch [52/100], Step [400/600], Loss: 0.1386
Epoch [52/100], Step [500/600], Loss: 0.1788
Epoch [52/100], Step [600/600], Loss: 0.2469
Epoch [53/100], Step [100/600], Loss: 0.0824
Epoch [53/100], Step [200/600], Loss: 0.1315
Epoch [53/100], Step [300/600], Loss: 0.2479
Epoch [53/100], Step [400/600], Loss: 0.1364
Epoch [53/100], Step [500/600], Loss: 0.1768
Epoch [53/100], Step [600/600], Loss: 0.2456
Epoch [54/100], Step [100/600], Loss: 0.0812
Epoch [54/100], Step [200/600], Loss: 0.1298
Epoch [54/100], Step [300/600], Loss: 0.2450
Epoch [54/100], Step [400/600], Loss: 0.1343
Epoch [54/100], Step [500/600], Loss: 0.1747
Epoch [54/100], Step [600/600], Loss: 0.2444
Epoch [55/100], Step [100/600], Loss: 0.0801
Epoch [55/100], Step [200/600], Loss: 0.1281
Epoch [55/100], Step [300/600], Loss: 0.2421
Epoch [55/100], Step [400/600], Loss: 0.1323
Epoch [55/100], Step [500/600], Loss: 0.1728
Epoch [55/100], Step [600/600], Loss: 0.2433
Epoch [56/100], Step [100/600], Loss: 0.0790
Epoch [56/100], Step [200/600], Loss: 0.1264
Epoch [56/100], Step [300/600], Loss: 0.2393
Epoch [56/100], Step [400/600], Loss: 0.1303
Epoch [56/100], Step [500/600], Loss: 0.1708
Epoch [56/100], Step [600/600], Loss: 0.2422
Epoch [57/100], Step [100/600], Loss: 0.0780
Epoch [57/100], Step [200/600], Loss: 0.1249
Epoch [57/100], Step [300/600], Loss: 0.2366
Epoch [57/100], Step [400/600], Loss: 0.1284
Epoch [57/100], Step [500/600], Loss: 0.1690
Epoch [57/100], Step [600/600], Loss: 0.2411
Epoch [58/100], Step [100/600], Loss: 0.0770
Epoch [58/100], Step [200/600], Loss: 0.1233
Epoch [58/100], Step [300/600], Loss: 0.2340
Epoch [58/100], Step [400/600], Loss: 0.1265
Epoch [58/100], Step [500/600], Loss: 0.1672
Epoch [58/100], Step [600/600], Loss: 0.2400
Epoch [59/100], Step [100/600], Loss: 0.0760
Epoch [59/100], Step [200/600], Loss: 0.1219
Epoch [59/100], Step [300/600], Loss: 0.2314
Epoch [59/100], Step [400/600], Loss: 0.1247
Epoch [59/100], Step [500/600], Loss: 0.1654
Epoch [59/100], Step [600/600], Loss: 0.2390
Epoch [60/100], Step [100/600], Loss: 0.0751
Epoch [60/100], Step [200/600], Loss: 0.1204
Epoch [60/100], Step [300/600], Loss: 0.2289
Epoch [60/100], Step [400/600], Loss: 0.1230
Epoch [60/100], Step [500/600], Loss: 0.1636
Epoch [60/100], Step [600/600], Loss: 0.2380
Epoch [61/100], Step [100/600], Loss: 0.0742
Epoch [61/100], Step [200/600], Loss: 0.1190
Epoch [61/100], Step [300/600], Loss: 0.2264
Epoch [61/100], Step [400/600], Loss: 0.1213
Epoch [61/100], Step [500/600], Loss: 0.1620
Epoch [61/100], Step [600/600], Loss: 0.2371
Epoch [62/100], Step [100/600], Loss: 0.0733
Epoch [62/100], Step [200/600], Loss: 0.1177
Epoch [62/100], Step [300/600], Loss: 0.2240
Epoch [62/100], Step [400/600], Loss: 0.1196
Epoch [62/100], Step [500/600], Loss: 0.1603
Epoch [62/100], Step [600/600], Loss: 0.2362
Epoch [63/100], Step [100/600], Loss: 0.0724
Epoch [63/100], Step [200/600], Loss: 0.1164
Epoch [63/100], Step [300/600], Loss: 0.2217
Epoch [63/100], Step [400/600], Loss: 0.1180
Epoch [63/100], Step [500/600], Loss: 0.1587
Epoch [63/100], Step [600/600], Loss: 0.2353
Epoch [64/100], Step [100/600], Loss: 0.0716
Epoch [64/100], Step [200/600], Loss: 0.1151
Epoch [64/100], Step [300/600], Loss: 0.2194
Epoch [64/100], Step [400/600], Loss: 0.1165
Epoch [64/100], Step [500/600], Loss: 0.1572
Epoch [64/100], Step [600/600], Loss: 0.2344
Epoch [65/100], Step [100/600], Loss: 0.0708
Epoch [65/100], Step [200/600], Loss: 0.1139
Epoch [65/100], Step [300/600], Loss: 0.2172
Epoch [65/100], Step [400/600], Loss: 0.1149
Epoch [65/100], Step [500/600], Loss: 0.1556
Epoch [65/100], Step [600/600], Loss: 0.2335
Epoch [66/100], Step [100/600], Loss: 0.0700
Epoch [66/100], Step [200/600], Loss: 0.1127
Epoch [66/100], Step [300/600], Loss: 0.2150
Epoch [66/100], Step [400/600], Loss: 0.1135
Epoch [66/100], Step [500/600], Loss: 0.1541
Epoch [66/100], Step [600/600], Loss: 0.2327
Epoch [67/100], Step [100/600], Loss: 0.0692
Epoch [67/100], Step [200/600], Loss: 0.1115
Epoch [67/100], Step [300/600], Loss: 0.2129
Epoch [67/100], Step [400/600], Loss: 0.1120
Epoch [67/100], Step [500/600], Loss: 0.1527
Epoch [67/100], Step [600/600], Loss: 0.2319
Epoch [68/100], Step [100/600], Loss: 0.0684
Epoch [68/100], Step [200/600], Loss: 0.1104
Epoch [68/100], Step [300/600], Loss: 0.2108
Epoch [68/100], Step [400/600], Loss: 0.1107
Epoch [68/100], Step [500/600], Loss: 0.1512
Epoch [68/100], Step [600/600], Loss: 0.2312
Epoch [69/100], Step [100/600], Loss: 0.0677
Epoch [69/100], Step [200/600], Loss: 0.1093
Epoch [69/100], Step [300/600], Loss: 0.2088
Epoch [69/100], Step [400/600], Loss: 0.1093
Epoch [69/100], Step [500/600], Loss: 0.1498
Epoch [69/100], Step [600/600], Loss: 0.2304
Epoch [70/100], Step [100/600], Loss: 0.0670
Epoch [70/100], Step [200/600], Loss: 0.1082
Epoch [70/100], Step [300/600], Loss: 0.2067
Epoch [70/100], Step [400/600], Loss: 0.1080
Epoch [70/100], Step [500/600], Loss: 0.1485
Epoch [70/100], Step [600/600], Loss: 0.2297
Epoch [71/100], Step [100/600], Loss: 0.0663
Epoch [71/100], Step [200/600], Loss: 0.1072
Epoch [71/100], Step [300/600], Loss: 0.2048
Epoch [71/100], Step [400/600], Loss: 0.1067
Epoch [71/100], Step [500/600], Loss: 0.1471
Epoch [71/100], Step [600/600], Loss: 0.2290
Epoch [72/100], Step [100/600], Loss: 0.0656
Epoch [72/100], Step [200/600], Loss: 0.1062
Epoch [72/100], Step [300/600], Loss: 0.2028
Epoch [72/100], Step [400/600], Loss: 0.1055
Epoch [72/100], Step [500/600], Loss: 0.1458
Epoch [72/100], Step [600/600], Loss: 0.2283
Epoch [73/100], Step [100/600], Loss: 0.0650
Epoch [73/100], Step [200/600], Loss: 0.1052
Epoch [73/100], Step [300/600], Loss: 0.2009
Epoch [73/100], Step [400/600], Loss: 0.1043
Epoch [73/100], Step [500/600], Loss: 0.1445
Epoch [73/100], Step [600/600], Loss: 0.2276
Epoch [74/100], Step [100/600], Loss: 0.0643
Epoch [74/100], Step [200/600], Loss: 0.1042
Epoch [74/100], Step [300/600], Loss: 0.1990
Epoch [74/100], Step [400/600], Loss: 0.1031
Epoch [74/100], Step [500/600], Loss: 0.1432
Epoch [74/100], Step [600/600], Loss: 0.2270
Epoch [75/100], Step [100/600], Loss: 0.0637
Epoch [75/100], Step [200/600], Loss: 0.1033
Epoch [75/100], Step [300/600], Loss: 0.1972
Epoch [75/100], Step [400/600], Loss: 0.1019
Epoch [75/100], Step [500/600], Loss: 0.1420
Epoch [75/100], Step [600/600], Loss: 0.2264
Epoch [76/100], Step [100/600], Loss: 0.0631
Epoch [76/100], Step [200/600], Loss: 0.1024
Epoch [76/100], Step [300/600], Loss: 0.1954
Epoch [76/100], Step [400/600], Loss: 0.1008
Epoch [76/100], Step [500/600], Loss: 0.1408
Epoch [76/100], Step [600/600], Loss: 0.2257
Epoch [77/100], Step [100/600], Loss: 0.0625
Epoch [77/100], Step [200/600], Loss: 0.1015
Epoch [77/100], Step [300/600], Loss: 0.1937
Epoch [77/100], Step [400/600], Loss: 0.0997
Epoch [77/100], Step [500/600], Loss: 0.1396
Epoch [77/100], Step [600/600], Loss: 0.2251
Epoch [78/100], Step [100/600], Loss: 0.0619
Epoch [78/100], Step [200/600], Loss: 0.1006
Epoch [78/100], Step [300/600], Loss: 0.1920
Epoch [78/100], Step [400/600], Loss: 0.0986
Epoch [78/100], Step [500/600], Loss: 0.1385
Epoch [78/100], Step [600/600], Loss: 0.2245
Epoch [79/100], Step [100/600], Loss: 0.0614
Epoch [79/100], Step [200/600], Loss: 0.0998
Epoch [79/100], Step [300/600], Loss: 0.1903
Epoch [79/100], Step [400/600], Loss: 0.0975
Epoch [79/100], Step [500/600], Loss: 0.1374
Epoch [79/100], Step [600/600], Loss: 0.2240
Epoch [80/100], Step [100/600], Loss: 0.0608
Epoch [80/100], Step [200/600], Loss: 0.0989
Epoch [80/100], Step [300/600], Loss: 0.1887
Epoch [80/100], Step [400/600], Loss: 0.0965
Epoch [80/100], Step [500/600], Loss: 0.1363
Epoch [80/100], Step [600/600], Loss: 0.2234
Epoch [81/100], Step [100/600], Loss: 0.0603
Epoch [81/100], Step [200/600], Loss: 0.0981
Epoch [81/100], Step [300/600], Loss: 0.1871
Epoch [81/100], Step [400/600], Loss: 0.0955
Epoch [81/100], Step [500/600], Loss: 0.1352
Epoch [81/100], Step [600/600], Loss: 0.2228
Epoch [82/100], Step [100/600], Loss: 0.0598
Epoch [82/100], Step [200/600], Loss: 0.0973
Epoch [82/100], Step [300/600], Loss: 0.1856
Epoch [82/100], Step [400/600], Loss: 0.0945
Epoch [82/100], Step [500/600], Loss: 0.1342
Epoch [82/100], Step [600/600], Loss: 0.2223
Epoch [83/100], Step [100/600], Loss: 0.0592
Epoch [83/100], Step [200/600], Loss: 0.0965
Epoch [83/100], Step [300/600], Loss: 0.1840
Epoch [83/100], Step [400/600], Loss: 0.0936
Epoch [83/100], Step [500/600], Loss: 0.1332
Epoch [83/100], Step [600/600], Loss: 0.2217
Epoch [84/100], Step [100/600], Loss: 0.0587
Epoch [84/100], Step [200/600], Loss: 0.0957
Epoch [84/100], Step [300/600], Loss: 0.1825
Epoch [84/100], Step [400/600], Loss: 0.0926
Epoch [84/100], Step [500/600], Loss: 0.1322
Epoch [84/100], Step [600/600], Loss: 0.2212
Epoch [85/100], Step [100/600], Loss: 0.0582
Epoch [85/100], Step [200/600], Loss: 0.0950
Epoch [85/100], Step [300/600], Loss: 0.1810
Epoch [85/100], Step [400/600], Loss: 0.0917
Epoch [85/100], Step [500/600], Loss: 0.1312
Epoch [85/100], Step [600/600], Loss: 0.2207
Epoch [86/100], Step [100/600], Loss: 0.0578
Epoch [86/100], Step [200/600], Loss: 0.0943
Epoch [86/100], Step [300/600], Loss: 0.1796
Epoch [86/100], Step [400/600], Loss: 0.0908
Epoch [86/100], Step [500/600], Loss: 0.1302
Epoch [86/100], Step [600/600], Loss: 0.2203
Epoch [87/100], Step [100/600], Loss: 0.0573
Epoch [87/100], Step [200/600], Loss: 0.0935
Epoch [87/100], Step [300/600], Loss: 0.1782
Epoch [87/100], Step [400/600], Loss: 0.0900
Epoch [87/100], Step [500/600], Loss: 0.1292
Epoch [87/100], Step [600/600], Loss: 0.2198
Epoch [88/100], Step [100/600], Loss: 0.0568
Epoch [88/100], Step [200/600], Loss: 0.0928
Epoch [88/100], Step [300/600], Loss: 0.1768
Epoch [88/100], Step [400/600], Loss: 0.0891
Epoch [88/100], Step [500/600], Loss: 0.1283
Epoch [88/100], Step [600/600], Loss: 0.2193
Epoch [89/100], Step [100/600], Loss: 0.0564
Epoch [89/100], Step [200/600], Loss: 0.0922
Epoch [89/100], Step [300/600], Loss: 0.1754
Epoch [89/100], Step [400/600], Loss: 0.0883
Epoch [89/100], Step [500/600], Loss: 0.1274
Epoch [89/100], Step [600/600], Loss: 0.2189
Epoch [90/100], Step [100/600], Loss: 0.0559
Epoch [90/100], Step [200/600], Loss: 0.0915
Epoch [90/100], Step [300/600], Loss: 0.1740
Epoch [90/100], Step [400/600], Loss: 0.0874
Epoch [90/100], Step [500/600], Loss: 0.1265
Epoch [90/100], Step [600/600], Loss: 0.2184
Epoch [91/100], Step [100/600], Loss: 0.0555
Epoch [91/100], Step [200/600], Loss: 0.0908
Epoch [91/100], Step [300/600], Loss: 0.1727
Epoch [91/100], Step [400/600], Loss: 0.0866
Epoch [91/100], Step [500/600], Loss: 0.1256
Epoch [91/100], Step [600/600], Loss: 0.2180
Epoch [92/100], Step [100/600], Loss: 0.0551
Epoch [92/100], Step [200/600], Loss: 0.0902
Epoch [92/100], Step [300/600], Loss: 0.1714
Epoch [92/100], Step [400/600], Loss: 0.0858
Epoch [92/100], Step [500/600], Loss: 0.1247
Epoch [92/100], Step [600/600], Loss: 0.2175
Epoch [93/100], Step [100/600], Loss: 0.0546
Epoch [93/100], Step [200/600], Loss: 0.0895
Epoch [93/100], Step [300/600], Loss: 0.1701
Epoch [93/100], Step [400/600], Loss: 0.0850
Epoch [93/100], Step [500/600], Loss: 0.1239
Epoch [93/100], Step [600/600], Loss: 0.2171
Epoch [94/100], Step [100/600], Loss: 0.0542
Epoch [94/100], Step [200/600], Loss: 0.0889
Epoch [94/100], Step [300/600], Loss: 0.1689
Epoch [94/100], Step [400/600], Loss: 0.0843
Epoch [94/100], Step [500/600], Loss: 0.1230
Epoch [94/100], Step [600/600], Loss: 0.2167
Epoch [95/100], Step [100/600], Loss: 0.0538
Epoch [95/100], Step [200/600], Loss: 0.0883
Epoch [95/100], Step [300/600], Loss: 0.1677
Epoch [95/100], Step [400/600], Loss: 0.0835
Epoch [95/100], Step [500/600], Loss: 0.1222
Epoch [95/100], Step [600/600], Loss: 0.2163
Epoch [96/100], Step [100/600], Loss: 0.0534
Epoch [96/100], Step [200/600], Loss: 0.0877
Epoch [96/100], Step [300/600], Loss: 0.1664
Epoch [96/100], Step [400/600], Loss: 0.0828
Epoch [96/100], Step [500/600], Loss: 0.1214
Epoch [96/100], Step [600/600], Loss: 0.2159
Epoch [97/100], Step [100/600], Loss: 0.0531
Epoch [97/100], Step [200/600], Loss: 0.0871
Epoch [97/100], Step [300/600], Loss: 0.1652
Epoch [97/100], Step [400/600], Loss: 0.0821
Epoch [97/100], Step [500/600], Loss: 0.1206
Epoch [97/100], Step [600/600], Loss: 0.2155
Epoch [98/100], Step [100/600], Loss: 0.0527
Epoch [98/100], Step [200/600], Loss: 0.0865
Epoch [98/100], Step [300/600], Loss: 0.1641
Epoch [98/100], Step [400/600], Loss: 0.0813
Epoch [98/100], Step [500/600], Loss: 0.1198
Epoch [98/100], Step [600/600], Loss: 0.2152
Epoch [99/100], Step [100/600], Loss: 0.0523
Epoch [99/100], Step [200/600], Loss: 0.0860
Epoch [99/100], Step [300/600], Loss: 0.1629
Epoch [99/100], Step [400/600], Loss: 0.0807
Epoch [99/100], Step [500/600], Loss: 0.1190
Epoch [99/100], Step [600/600], Loss: 0.2148
Epoch [100/100], Step [100/600], Loss: 0.0520
Epoch [100/100], Step [200/600], Loss: 0.0854
Epoch [100/100], Step [300/600], Loss: 0.1617
Epoch [100/100], Step [400/600], Loss: 0.0800
Epoch [100/100], Step [500/600], Loss: 0.1183
Epoch [100/100], Step [600/600], Loss: 0.2144
end time: 2022-09-01 04:14:09.519934
Training complete in: 0:09:12.245257
